<?xml version="1.0" encoding="UTF-8"?>
<testng-results skipped="0" failed="0" ignored="0" total="1" passed="1">
  <reporter-output>
  </reporter-output>
  <suite name="Suite" duration-ms="73" started-at="2021-09-08T08:23:13 IST" finished-at="2021-09-08T08:23:13 IST">
    <groups>
    </groups>
    <test name="Test" duration-ms="73" started-at="2021-09-08T08:23:13 IST" finished-at="2021-09-08T08:23:13 IST">
      <class name="SampleMaven.NewTest">
        <test-method status="PASS" signature="f()[pri:0, instance:SampleMaven.NewTest@68c4039c]" name="f" duration-ms="10" started-at="2021-09-08T08:23:13 IST" finished-at="2021-09-08T08:23:13 IST">
          <reporter-output>
          </reporter-output>
        </test-method> <!-- f -->
      </class> <!-- SampleMaven.NewTest -->
    </test> <!-- Test -->
  </suite> <!-- Suite -->
</testng-results>
