<?xml version="1.0" encoding="UTF-8"?>
<testng-results skipped="0" failed="0" total="1" passed="1">
  <reporter-output>
  </reporter-output>
  <suite name="Default suite" duration-ms="58" started-at="2021-09-08T02:47:47Z" finished-at="2021-09-08T02:47:47Z">
    <groups>
    </groups>
    <test name="Default test" duration-ms="58" started-at="2021-09-08T02:47:47Z" finished-at="2021-09-08T02:47:47Z">
      <class name="SampleMaven.NewTest">
        <test-method status="PASS" signature="f()[pri:0, instance:SampleMaven.NewTest@32e6e9c3]" name="f" duration-ms="19" started-at="2021-09-08T08:17:47Z" finished-at="2021-09-08T08:17:47Z">
          <reporter-output>
          </reporter-output>
        </test-method> <!-- f -->
      </class> <!-- SampleMaven.NewTest -->
    </test> <!-- Default test -->
  </suite> <!-- Default suite -->
</testng-results>
